# JRE version: OpenJDK Runtime Environment (Zulu 8.68.0.21-CA-win64) (8.0_362-b09) (build 1.8.0_362-b09)
# Java VM: OpenJDK 64-Bit Server VM (25.362-b09 mixed mode windows-amd64 compressed oops)
Heap:
 PSYoungGen      total 176640K, used 126789K [0x00000000d5580000, 0x00000000e0e80000, 0x0000000100000000)
  eden space 168960K, 70% used [0x00000000d5580000,0x00000000dc9d8d38,0x00000000dfa80000)
  from space 7680K, 99% used [0x00000000e0600000,0x00000000e0d78778,0x00000000e0d80000)
  to   space 10240K, 0% used [0x00000000dfa80000,0x00000000dfa80000,0x00000000e0480000)
 ParOldGen       total 52736K, used 13588K [0x0000000080000000, 0x0000000083380000, 0x00000000d5580000)
  object space 52736K, 25% used [0x0000000080000000,0x0000000080d45080,0x0000000083380000)
 Metaspace       used 30474K, capacity 31414K, committed 31616K, reserved 1077248K
  class space    used 3596K, capacity 3865K, committed 3968K, reserved 1048576K
GC Heap History (10 events):
Event: 4.025 GC heap before
{Heap before GC invocations=7 (full 0):
 PSYoungGen      total 68096K, used 68082K [0x00000000d5580000, 0x00000000da280000, 0x0000000100000000)
  eden space 61952K, 100% used [0x00000000d5580000,0x00000000d9200000,0x00000000d9200000)
  from space 6144K, 99% used [0x00000000d9980000,0x00000000d9f7c950,0x00000000d9f80000)
  to   space 7680K, 0% used [0x00000000d9200000,0x00000000d9200000,0x00000000d9980000)
 ParOldGen       total 84992K, used 2396K [0x0000000080000000, 0x0000000085300000, 0x00000000d5580000)
  object space 84992K, 2% used [0x0000000080000000,0x0000000080257138,0x0000000085300000)
 Metaspace       used 20735K, capacity 20958K, committed 21296K, reserved 1069056K
  class space    used 2288K, capacity 2389K, committed 2432K, reserved 1048576K
Event: 4.035 GC heap after
Heap after GC invocations=7 (full 0):
 PSYoungGen      total 69632K, used 6201K [0x00000000d5580000, 0x00000000ddd80000, 0x0000000100000000)
  eden space 61952K, 0% used [0x00000000d5580000,0x00000000d5580000,0x00000000d9200000)
  from space 7680K, 80% used [0x00000000d9200000,0x00000000d980e688,0x00000000d9980000)
  to   space 7680K, 0% used [0x00000000dd600000,0x00000000dd600000,0x00000000ddd80000)
 ParOldGen       total 84992K, used 5831K [0x0000000080000000, 0x0000000085300000, 0x00000000d5580000)
  object space 84992K, 6% used [0x0000000080000000,0x00000000805b1de0,0x0000000085300000)
 Metaspace       used 20735K, capacity 20958K, committed 21296K, reserved 1069056K
  class space    used 2288K, capacity 2389K, committed 2432K, reserved 1048576K
}
Event: 4.171 GC heap before
{Heap before GC invocations=8 (full 0):
 PSYoungGen      total 69632K, used 13602K [0x00000000d5580000, 0x00000000ddd80000, 0x0000000100000000)
  eden space 61952K, 11% used [0x00000000d5580000,0x00000000d5cba530,0x00000000d9200000)
  from space 7680K, 80% used [0x00000000d9200000,0x00000000d980e688,0x00000000d9980000)
  to   space 7680K, 0% used [0x00000000dd600000,0x00000000dd600000,0x00000000ddd80000)
 ParOldGen       total 84992K, used 5831K [0x0000000080000000, 0x0000000085300000, 0x00000000d5580000)
  object space 84992K, 6% used [0x0000000080000000,0x00000000805b1de0,0x0000000085300000)
 Metaspace       used 20772K, capacity 21034K, committed 21296K, reserved 1069056K
  class space    used 2292K, capacity 2393K, committed 2432K, reserved 1048576K
Event: 4.181 GC heap after
Heap after GC invocations=8 (full 0):
 PSYoungGen      total 131584K, used 3984K [0x00000000d5580000, 0x00000000ddd80000, 0x0000000100000000)
  eden space 123904K, 0% used [0x00000000d5580000,0x00000000d5580000,0x00000000dce80000)
  from space 7680K, 51% used [0x00000000dd600000,0x00000000dd9e4020,0x00000000ddd80000)
  to   space 7680K, 0% used [0x00000000dce80000,0x00000000dce80000,0x00000000dd600000)
 ParOldGen       total 84992K, used 6131K [0x0000000080000000, 0x0000000085300000, 0x00000000d5580000)
  object space 84992K, 7% used [0x0000000080000000,0x00000000805fcdf0,0x0000000085300000)
 Metaspace       used 20772K, capacity 21034K, committed 21296K, reserved 1069056K
  class space    used 2292K, capacity 2393K, committed 2432K, reserved 1048576K
}
Event: 4.181 GC heap before
{Heap before GC invocations=9 (full 1):
 PSYoungGen      total 131584K, used 3984K [0x00000000d5580000, 0x00000000ddd80000, 0x0000000100000000)
  eden space 123904K, 0% used [0x00000000d5580000,0x00000000d5580000,0x00000000dce80000)
  from space 7680K, 51% used [0x00000000dd600000,0x00000000dd9e4020,0x00000000ddd80000)
  to   space 7680K, 0% used [0x00000000dce80000,0x00000000dce80000,0x00000000dd600000)
 ParOldGen       total 84992K, used 6131K [0x0000000080000000, 0x0000000085300000, 0x00000000d5580000)
  object space 84992K, 7% used [0x0000000080000000,0x00000000805fcdf0,0x0000000085300000)
 Metaspace       used 20772K, capacity 21034K, committed 21296K, reserved 1069056K
  class space    used 2292K, capacity 2393K, committed 2432K, reserved 1048576K
Event: 4.230 GC heap after
Heap after GC invocations=9 (full 1):
 PSYoungGen      total 131584K, used 0K [0x00000000d5580000, 0x00000000ddd80000, 0x0000000100000000)
  eden space 123904K, 0% used [0x00000000d5580000,0x00000000d5580000,0x00000000dce80000)
  from space 7680K, 0% used [0x00000000dd600000,0x00000000dd600000,0x00000000ddd80000)
  to   space 7680K, 0% used [0x00000000dce80000,0x00000000dce80000,0x00000000dd600000)
 ParOldGen       total 52736K, used 8059K [0x0000000080000000, 0x0000000083380000, 0x00000000d5580000)
  object space 52736K, 15% used [0x0000000080000000,0x00000000807ded20,0x0000000083380000)
 Metaspace       used 20772K, capacity 21034K, committed 21296K, reserved 1069056K
  class space    used 2292K, capacity 2393K, committed 2432K, reserved 1048576K
}
Event: 5.508 GC heap before
{Heap before GC invocations=10 (full 1):
 PSYoungGen      total 131584K, used 123904K [0x00000000d5580000, 0x00000000ddd80000, 0x0000000100000000)
  eden space 123904K, 100% used [0x00000000d5580000,0x00000000dce80000,0x00000000dce80000)
  from space 7680K, 0% used [0x00000000dd600000,0x00000000dd600000,0x00000000ddd80000)
  to   space 7680K, 0% used [0x00000000dce80000,0x00000000dce80000,0x00000000dd600000)
 ParOldGen       total 52736K, used 8059K [0x0000000080000000, 0x0000000083380000, 0x00000000d5580000)
  object space 52736K, 15% used [0x0000000080000000,0x00000000807ded20,0x0000000083380000)
 Metaspace       used 22675K, capacity 23056K, committed 23424K, reserved 1071104K
  class space    used 2475K, capacity 2613K, committed 2688K, reserved 1048576K
Event: 5.523 GC heap after
Heap after GC invocations=10 (full 1):
 PSYoungGen      total 131584K, used 4966K [0x00000000d5580000, 0x00000000e0d80000, 0x0000000100000000)
  eden space 123904K, 0% used [0x00000000d5580000,0x00000000d5580000,0x00000000dce80000)
  from space 7680K, 64% used [0x00000000dce80000,0x00000000dd359910,0x00000000dd600000)
  to   space 7680K, 0% used [0x00000000e0600000,0x00000000e0600000,0x00000000e0d80000)
 ParOldGen       total 52736K, used 8067K [0x0000000080000000, 0x0000000083380000, 0x00000000d5580000)
  object space 52736K, 15% used [0x0000000080000000,0x00000000807e0d20,0x0000000083380000)
 Metaspace       used 22675K, capacity 23056K, committed 23424K, reserved 1071104K
  class space    used 2475K, capacity 2613K, committed 2688K, reserved 1048576K
}
Event: 8.985 GC heap before
{Heap before GC invocations=11 (full 1):
 PSYoungGen      total 131584K, used 128870K [0x00000000d5580000, 0x00000000e0d80000, 0x0000000100000000)
  eden space 123904K, 100% used [0x00000000d5580000,0x00000000dce80000,0x00000000dce80000)
  from space 7680K, 64% used [0x00000000dce80000,0x00000000dd359910,0x00000000dd600000)
  to   space 7680K, 0% used [0x00000000e0600000,0x00000000e0600000,0x00000000e0d80000)
 ParOldGen       total 52736K, used 8067K [0x0000000080000000, 0x0000000083380000, 0x00000000d5580000)
  object space 52736K, 15% used [0x0000000080000000,0x00000000807e0d20,0x0000000083380000)
 Metaspace       used 29784K, capacity 30656K, committed 30976K, reserved 1077248K
  class space    used 3519K, capacity 3763K, committed 3840K, reserved 1048576K
Event: 8.996 GC heap after
Heap after GC invocations=11 (full 1):
 PSYoungGen      total 176640K, used 7649K [0x00000000d5580000, 0x00000000e0e80000, 0x0000000100000000)
  eden space 168960K, 0% used [0x00000000d5580000,0x00000000d5580000,0x00000000dfa80000)
  from space 7680K, 99% used [0x00000000e0600000,0x00000000e0d78778,0x00000000e0d80000)
  to   space 10240K, 0% used [0x00000000dfa80000,0x00000000dfa80000,0x00000000e0480000)
 ParOldGen       total 52736K, used 13588K [0x0000000080000000, 0x0000000083380000, 0x00000000d5580000)
  object space 52736K, 25% used [0x0000000080000000,0x0000000080d45080,0x0000000083380000)
 Metaspace       used 29784K, capacity 30656K, committed 30976K, reserved 1077248K
  class space    used 3519K, capacity 3763K, committed 3840K, reserved 1048576K
}

