# JRE version: OpenJDK Runtime Environment (Zulu 8.68.0.21-CA-win64) (8.0_362-b09) (build 1.8.0_362-b09)
# Java VM: OpenJDK 64-Bit Server VM (25.362-b09 mixed mode windows-amd64 compressed oops)
Heap:
 PSYoungGen      total 131584K, used 59158K [0x00000000d5580000, 0x00000000e1400000, 0x0000000100000000)
  eden space 123904K, 43% used [0x00000000d5580000,0x00000000d8a641c8,0x00000000dce80000)
  from space 7680K, 65% used [0x00000000dce80000,0x00000000dd361910,0x00000000dd600000)
  to   space 7680K, 0% used [0x00000000e0c80000,0x00000000e0c80000,0x00000000e1400000)
 ParOldGen       total 51712K, used 8230K [0x0000000080000000, 0x0000000083280000, 0x00000000d5580000)
  object space 51712K, 15% used [0x0000000080000000,0x0000000080809930,0x0000000083280000)
 Metaspace       used 25189K, capacity 25616K, committed 25856K, reserved 1073152K
  class space    used 2889K, capacity 3039K, committed 3072K, reserved 1048576K
GC Heap History (10 events):
Event: 7.936 GC heap before
{Heap before GC invocations=6 (full 0):
 PSYoungGen      total 36864K, used 36861K [0x00000000d5580000, 0x00000000d9f80000, 0x0000000100000000)
  eden space 31744K, 100% used [0x00000000d5580000,0x00000000d7480000,0x00000000d7480000)
  from space 5120K, 99% used [0x00000000d7480000,0x00000000d797f5d8,0x00000000d7980000)
  to   space 6144K, 0% used [0x00000000d9980000,0x00000000d9980000,0x00000000d9f80000)
 ParOldGen       total 84992K, used 811K [0x0000000080000000, 0x0000000085300000, 0x00000000d5580000)
  object space 84992K, 0% used [0x0000000080000000,0x00000000800cacf8,0x0000000085300000)
 Metaspace       used 16860K, capacity 17164K, committed 17536K, reserved 1064960K
  class space    used 1773K, capacity 1891K, committed 1920K, reserved 1048576K
Event: 7.949 GC heap after
Heap after GC invocations=6 (full 0):
 PSYoungGen      total 68096K, used 6114K [0x00000000d5580000, 0x00000000da280000, 0x0000000100000000)
  eden space 61952K, 0% used [0x00000000d5580000,0x00000000d5580000,0x00000000d9200000)
  from space 6144K, 99% used [0x00000000d9980000,0x00000000d9f78ab8,0x00000000d9f80000)
  to   space 7680K, 0% used [0x00000000d9200000,0x00000000d9200000,0x00000000d9980000)
 ParOldGen       total 84992K, used 2281K [0x0000000080000000, 0x0000000085300000, 0x00000000d5580000)
  object space 84992K, 2% used [0x0000000080000000,0x000000008023a640,0x0000000085300000)
 Metaspace       used 16860K, capacity 17164K, committed 17536K, reserved 1064960K
  class space    used 1773K, capacity 1891K, committed 1920K, reserved 1048576K
}
Event: 9.003 GC heap before
{Heap before GC invocations=7 (full 0):
 PSYoungGen      total 68096K, used 68066K [0x00000000d5580000, 0x00000000da280000, 0x0000000100000000)
  eden space 61952K, 100% used [0x00000000d5580000,0x00000000d9200000,0x00000000d9200000)
  from space 6144K, 99% used [0x00000000d9980000,0x00000000d9f78ab8,0x00000000d9f80000)
  to   space 7680K, 0% used [0x00000000d9200000,0x00000000d9200000,0x00000000d9980000)
 ParOldGen       total 84992K, used 2281K [0x0000000080000000, 0x0000000085300000, 0x00000000d5580000)
  object space 84992K, 2% used [0x0000000080000000,0x000000008023a640,0x0000000085300000)
 Metaspace       used 20629K, capacity 20888K, committed 21120K, reserved 1069056K
  class space    used 2285K, capacity 2387K, committed 2432K, reserved 1048576K
Event: 9.016 GC heap after
Heap after GC invocations=7 (full 0):
 PSYoungGen      total 69632K, used 5991K [0x00000000d5580000, 0x00000000ddd80000, 0x0000000100000000)
  eden space 61952K, 0% used [0x00000000d5580000,0x00000000d5580000,0x00000000d9200000)
  from space 7680K, 78% used [0x00000000d9200000,0x00000000d97d9fd8,0x00000000d9980000)
  to   space 7680K, 0% used [0x00000000dd600000,0x00000000dd600000,0x00000000ddd80000)
 ParOldGen       total 84992K, used 5822K [0x0000000080000000, 0x0000000085300000, 0x00000000d5580000)
  object space 84992K, 6% used [0x0000000080000000,0x00000000805af9e8,0x0000000085300000)
 Metaspace       used 20629K, capacity 20888K, committed 21120K, reserved 1069056K
  class space    used 2285K, capacity 2387K, committed 2432K, reserved 1048576K
}
Event: 9.257 GC heap before
{Heap before GC invocations=8 (full 0):
 PSYoungGen      total 69632K, used 19513K [0x00000000d5580000, 0x00000000ddd80000, 0x0000000100000000)
  eden space 61952K, 21% used [0x00000000d5580000,0x00000000d62b45b0,0x00000000d9200000)
  from space 7680K, 78% used [0x00000000d9200000,0x00000000d97d9fd8,0x00000000d9980000)
  to   space 7680K, 0% used [0x00000000dd600000,0x00000000dd600000,0x00000000ddd80000)
 ParOldGen       total 84992K, used 5822K [0x0000000080000000, 0x0000000085300000, 0x00000000d5580000)
  object space 84992K, 6% used [0x0000000080000000,0x00000000805af9e8,0x0000000085300000)
 Metaspace       used 20839K, capacity 21130K, committed 21296K, reserved 1069056K
  class space    used 2303K, capacity 2425K, committed 2432K, reserved 1048576K
Event: 9.266 GC heap after
Heap after GC invocations=8 (full 0):
 PSYoungGen      total 131584K, used 4032K [0x00000000d5580000, 0x00000000ddd80000, 0x0000000100000000)
  eden space 123904K, 0% used [0x00000000d5580000,0x00000000d5580000,0x00000000dce80000)
  from space 7680K, 52% used [0x00000000dd600000,0x00000000dd9f0000,0x00000000ddd80000)
  to   space 7680K, 0% used [0x00000000dce80000,0x00000000dce80000,0x00000000dd600000)
 ParOldGen       total 84992K, used 6122K [0x0000000080000000, 0x0000000085300000, 0x00000000d5580000)
  object space 84992K, 7% used [0x0000000080000000,0x00000000805faa08,0x0000000085300000)
 Metaspace       used 20839K, capacity 21130K, committed 21296K, reserved 1069056K
  class space    used 2303K, capacity 2425K, committed 2432K, reserved 1048576K
}
Event: 9.266 GC heap before
{Heap before GC invocations=9 (full 1):
 PSYoungGen      total 131584K, used 4032K [0x00000000d5580000, 0x00000000ddd80000, 0x0000000100000000)
  eden space 123904K, 0% used [0x00000000d5580000,0x00000000d5580000,0x00000000dce80000)
  from space 7680K, 52% used [0x00000000dd600000,0x00000000dd9f0000,0x00000000ddd80000)
  to   space 7680K, 0% used [0x00000000dce80000,0x00000000dce80000,0x00000000dd600000)
 ParOldGen       total 84992K, used 6122K [0x0000000080000000, 0x0000000085300000, 0x00000000d5580000)
  object space 84992K, 7% used [0x0000000080000000,0x00000000805faa08,0x0000000085300000)
 Metaspace       used 20839K, capacity 21130K, committed 21296K, reserved 1069056K
  class space    used 2303K, capacity 2425K, committed 2432K, reserved 1048576K
Event: 9.331 GC heap after
Heap after GC invocations=9 (full 1):
 PSYoungGen      total 131584K, used 0K [0x00000000d5580000, 0x00000000ddd80000, 0x0000000100000000)
  eden space 123904K, 0% used [0x00000000d5580000,0x00000000d5580000,0x00000000dce80000)
  from space 7680K, 0% used [0x00000000dd600000,0x00000000dd600000,0x00000000ddd80000)
  to   space 7680K, 0% used [0x00000000dce80000,0x00000000dce80000,0x00000000dd600000)
 ParOldGen       total 51712K, used 8222K [0x0000000080000000, 0x0000000083280000, 0x00000000d5580000)
  object space 51712K, 15% used [0x0000000080000000,0x0000000080807930,0x0000000083280000)
 Metaspace       used 20839K, capacity 21130K, committed 21296K, reserved 1069056K
  class space    used 2303K, capacity 2425K, committed 2432K, reserved 1048576K
}
Event: 11.693 GC heap before
{Heap before GC invocations=10 (full 1):
 PSYoungGen      total 131584K, used 123904K [0x00000000d5580000, 0x00000000ddd80000, 0x0000000100000000)
  eden space 123904K, 100% used [0x00000000d5580000,0x00000000dce80000,0x00000000dce80000)
  from space 7680K, 0% used [0x00000000dd600000,0x00000000dd600000,0x00000000ddd80000)
  to   space 7680K, 0% used [0x00000000dce80000,0x00000000dce80000,0x00000000dd600000)
 ParOldGen       total 51712K, used 8222K [0x0000000080000000, 0x0000000083280000, 0x00000000d5580000)
  object space 51712K, 15% used [0x0000000080000000,0x0000000080807930,0x0000000083280000)
 Metaspace       used 22735K, capacity 23056K, committed 23424K, reserved 1071104K
  class space    used 2497K, capacity 2613K, committed 2688K, reserved 1048576K
Event: 11.754 GC heap after
Heap after GC invocations=10 (full 1):
 PSYoungGen      total 131584K, used 4998K [0x00000000d5580000, 0x00000000e1400000, 0x0000000100000000)
  eden space 123904K, 0% used [0x00000000d5580000,0x00000000d5580000,0x00000000dce80000)
  from space 7680K, 65% used [0x00000000dce80000,0x00000000dd361910,0x00000000dd600000)
  to   space 7680K, 0% used [0x00000000e0c80000,0x00000000e0c80000,0x00000000e1400000)
 ParOldGen       total 51712K, used 8230K [0x0000000080000000, 0x0000000083280000, 0x00000000d5580000)
  object space 51712K, 15% used [0x0000000080000000,0x0000000080809930,0x0000000083280000)
 Metaspace       used 22735K, capacity 23056K, committed 23424K, reserved 1071104K
  class space    used 2497K, capacity 2613K, committed 2688K, reserved 1048576K
}

