# JRE version: OpenJDK Runtime Environment (Zulu 8.68.0.21-CA-win64) (8.0_362-b09) (build 1.8.0_362-b09)
# Java VM: OpenJDK 64-Bit Server VM (25.362-b09 mixed mode windows-amd64 compressed oops)
Heap:
 PSYoungGen      total 332800K, used 101169K [0x00000000d5580000, 0x00000000f3780000, 0x0000000100000000)
  eden space 319488K, 27% used [0x00000000d5580000,0x00000000dab4ecc0,0x00000000e8d80000)
  from space 13312K, 99% used [0x00000000e8d80000,0x00000000e9a7d7c8,0x00000000e9a80000)
  to   space 14848K, 0% used [0x00000000f2900000,0x00000000f2900000,0x00000000f3780000)
 ParOldGen       total 71168K, used 19540K [0x0000000080000000, 0x0000000084580000, 0x00000000d5580000)
  object space 71168K, 27% used [0x0000000080000000,0x0000000081315130,0x0000000084580000)
 Metaspace       used 45234K, capacity 46486K, committed 46720K, reserved 1089536K
  class space    used 5611K, capacity 5993K, committed 6016K, reserved 1048576K
GC Heap History (10 events):
Event: 3.279 GC heap before
{Heap before GC invocations=9 (full 1):
 PSYoungGen      total 135168K, used 125440K [0x00000000d5580000, 0x00000000e5d80000, 0x0000000100000000)
  eden space 125440K, 100% used [0x00000000d5580000,0x00000000dd000000,0x00000000dd000000)
  from space 9728K, 0% used [0x00000000dd000000,0x00000000dd000000,0x00000000dd980000)
  to   space 9728K, 0% used [0x00000000e5400000,0x00000000e5400000,0x00000000e5d80000)
 ParOldGen       total 49664K, used 8168K [0x0000000080000000, 0x0000000083080000, 0x00000000d5580000)
  object space 49664K, 16% used [0x0000000080000000,0x00000000807fa230,0x0000000083080000)
 Metaspace       used 22586K, capacity 22896K, committed 23168K, reserved 1069056K
  class space    used 2465K, capacity 2602K, committed 2688K, reserved 1048576K
Event: 3.284 GC heap after
Heap after GC invocations=9 (full 1):
 PSYoungGen      total 227328K, used 4427K [0x00000000d5580000, 0x00000000e5880000, 0x0000000100000000)
  eden space 222720K, 0% used [0x00000000d5580000,0x00000000d5580000,0x00000000e2f00000)
  from space 4608K, 96% used [0x00000000e5400000,0x00000000e5852d60,0x00000000e5880000)
  to   space 9216K, 0% used [0x00000000e4680000,0x00000000e4680000,0x00000000e4f80000)
 ParOldGen       total 49664K, used 8168K [0x0000000080000000, 0x0000000083080000, 0x00000000d5580000)
  object space 49664K, 16% used [0x0000000080000000,0x00000000807fa230,0x0000000083080000)
 Metaspace       used 22586K, capacity 22896K, committed 23168K, reserved 1069056K
  class space    used 2465K, capacity 2602K, committed 2688K, reserved 1048576K
}
Event: 18.384 GC heap before
{Heap before GC invocations=10 (full 1):
 PSYoungGen      total 227328K, used 227147K [0x00000000d5580000, 0x00000000e5880000, 0x0000000100000000)
  eden space 222720K, 100% used [0x00000000d5580000,0x00000000e2f00000,0x00000000e2f00000)
  from space 4608K, 96% used [0x00000000e5400000,0x00000000e5852d60,0x00000000e5880000)
  to   space 9216K, 0% used [0x00000000e4680000,0x00000000e4680000,0x00000000e4f80000)
 ParOldGen       total 49664K, used 8168K [0x0000000080000000, 0x0000000083080000, 0x00000000d5580000)
  object space 49664K, 16% used [0x0000000080000000,0x00000000807fa230,0x0000000083080000)
 Metaspace       used 32976K, capacity 33868K, committed 34048K, reserved 1079296K
  class space    used 3972K, capacity 4248K, committed 4352K, reserved 1048576K
Event: 18.407 GC heap after
Heap after GC invocations=10 (full 1):
 PSYoungGen      total 256000K, used 9184K [0x00000000d5580000, 0x00000000ea800000, 0x0000000100000000)
  eden space 246784K, 0% used [0x00000000d5580000,0x00000000d5580000,0x00000000e4680000)
  from space 9216K, 99% used [0x00000000e4680000,0x00000000e4f78150,0x00000000e4f80000)
  to   space 13824K, 0% used [0x00000000e9a80000,0x00000000e9a80000,0x00000000ea800000)
 ParOldGen       total 49664K, used 15734K [0x0000000080000000, 0x0000000083080000, 0x00000000d5580000)
  object space 49664K, 31% used [0x0000000080000000,0x0000000080f5dac0,0x0000000083080000)
 Metaspace       used 32976K, capacity 33868K, committed 34048K, reserved 1079296K
  class space    used 3972K, capacity 4248K, committed 4352K, reserved 1048576K
}
Event: 18.752 GC heap before
{Heap before GC invocations=11 (full 1):
 PSYoungGen      total 256000K, used 36054K [0x00000000d5580000, 0x00000000ea800000, 0x0000000100000000)
  eden space 246784K, 10% used [0x00000000d5580000,0x00000000d6fbd738,0x00000000e4680000)
  from space 9216K, 99% used [0x00000000e4680000,0x00000000e4f78150,0x00000000e4f80000)
  to   space 13824K, 0% used [0x00000000e9a80000,0x00000000e9a80000,0x00000000ea800000)
 ParOldGen       total 49664K, used 15734K [0x0000000080000000, 0x0000000083080000, 0x00000000d5580000)
  object space 49664K, 31% used [0x0000000080000000,0x0000000080f5dac0,0x0000000083080000)
 Metaspace       used 34497K, capacity 35376K, committed 35456K, reserved 1081344K
  class space    used 4194K, capacity 4448K, committed 4480K, reserved 1048576K
Event: 18.769 GC heap after
Heap after GC invocations=11 (full 1):
 PSYoungGen      total 333312K, used 7551K [0x00000000d5580000, 0x00000000eca80000, 0x0000000100000000)
  eden space 319488K, 0% used [0x00000000d5580000,0x00000000d5580000,0x00000000e8d80000)
  from space 13824K, 54% used [0x00000000e9a80000,0x00000000ea1dfd70,0x00000000ea800000)
  to   space 13312K, 0% used [0x00000000e8d80000,0x00000000e8d80000,0x00000000e9a80000)
 ParOldGen       total 49664K, used 19307K [0x0000000080000000, 0x0000000083080000, 0x00000000d5580000)
  object space 49664K, 38% used [0x0000000080000000,0x00000000812dad90,0x0000000083080000)
 Metaspace       used 34497K, capacity 35376K, committed 35456K, reserved 1081344K
  class space    used 4194K, capacity 4448K, committed 4480K, reserved 1048576K
}
Event: 18.769 GC heap before
{Heap before GC invocations=12 (full 2):
 PSYoungGen      total 333312K, used 7551K [0x00000000d5580000, 0x00000000eca80000, 0x0000000100000000)
  eden space 319488K, 0% used [0x00000000d5580000,0x00000000d5580000,0x00000000e8d80000)
  from space 13824K, 54% used [0x00000000e9a80000,0x00000000ea1dfd70,0x00000000ea800000)
  to   space 13312K, 0% used [0x00000000e8d80000,0x00000000e8d80000,0x00000000e9a80000)
 ParOldGen       total 49664K, used 19307K [0x0000000080000000, 0x0000000083080000, 0x00000000d5580000)
  object space 49664K, 38% used [0x0000000080000000,0x00000000812dad90,0x0000000083080000)
 Metaspace       used 34497K, capacity 35376K, committed 35456K, reserved 1081344K
  class space    used 4194K, capacity 4448K, committed 4480K, reserved 1048576K
Event: 18.859 GC heap after
Heap after GC invocations=12 (full 2):
 PSYoungGen      total 333312K, used 0K [0x00000000d5580000, 0x00000000eca80000, 0x0000000100000000)
  eden space 319488K, 0% used [0x00000000d5580000,0x00000000d5580000,0x00000000e8d80000)
  from space 13824K, 0% used [0x00000000e9a80000,0x00000000e9a80000,0x00000000ea800000)
  to   space 13312K, 0% used [0x00000000e8d80000,0x00000000e8d80000,0x00000000e9a80000)
 ParOldGen       total 71168K, used 19438K [0x0000000080000000, 0x0000000084580000, 0x00000000d5580000)
  object space 71168K, 27% used [0x0000000080000000,0x00000000812fb8e0,0x0000000084580000)
 Metaspace       used 34492K, capacity 35366K, committed 35456K, reserved 1081344K
  class space    used 4192K, capacity 4445K, committed 4480K, reserved 1048576K
}
Event: 29.084 GC heap before
{Heap before GC invocations=13 (full 2):
 PSYoungGen      total 333312K, used 319488K [0x00000000d5580000, 0x00000000eca80000, 0x0000000100000000)
  eden space 319488K, 100% used [0x00000000d5580000,0x00000000e8d80000,0x00000000e8d80000)
  from space 13824K, 0% used [0x00000000e9a80000,0x00000000e9a80000,0x00000000ea800000)
  to   space 13312K, 0% used [0x00000000e8d80000,0x00000000e8d80000,0x00000000e9a80000)
 ParOldGen       total 71168K, used 19438K [0x0000000080000000, 0x0000000084580000, 0x00000000d5580000)
  object space 71168K, 27% used [0x0000000080000000,0x00000000812fb8e0,0x0000000084580000)
 Metaspace       used 45159K, capacity 46336K, committed 46464K, reserved 1089536K
  class space    used 5607K, capacity 5987K, committed 6016K, reserved 1048576K
Event: 29.097 GC heap after
Heap after GC invocations=13 (full 2):
 PSYoungGen      total 332800K, used 13301K [0x00000000d5580000, 0x00000000f3780000, 0x0000000100000000)
  eden space 319488K, 0% used [0x00000000d5580000,0x00000000d5580000,0x00000000e8d80000)
  from space 13312K, 99% used [0x00000000e8d80000,0x00000000e9a7d7c8,0x00000000e9a80000)
  to   space 14848K, 0% used [0x00000000f2900000,0x00000000f2900000,0x00000000f3780000)
 ParOldGen       total 71168K, used 19540K [0x0000000080000000, 0x0000000084580000, 0x00000000d5580000)
  object space 71168K, 27% used [0x0000000080000000,0x0000000081315130,0x0000000084580000)
 Metaspace       used 45159K, capacity 46336K, committed 46464K, reserved 1089536K
  class space    used 5607K, capacity 5987K, committed 6016K, reserved 1048576K
}

