# JRE version: OpenJDK Runtime Environment (Zulu 8.68.0.21-CA-win64) (8.0_362-b09) (build 1.8.0_362-b09)
# Java VM: OpenJDK 64-Bit Server VM (25.362-b09 mixed mode windows-amd64 compressed oops)
Heap:
 PSYoungGen      total 233472K, used 65314K [0x00000000d5580000, 0x00000000e4b00000, 0x0000000100000000)
  eden space 229888K, 27% used [0x00000000d5580000,0x00000000d9342fe8,0x00000000e3600000)
  from space 3584K, 57% used [0x00000000e4780000,0x00000000e49859e0,0x00000000e4b00000)
  to   space 10752K, 0% used [0x00000000e3600000,0x00000000e3600000,0x00000000e4080000)
 ParOldGen       total 50176K, used 23307K [0x0000000080000000, 0x0000000083100000, 0x00000000d5580000)
  object space 50176K, 46% used [0x0000000080000000,0x00000000816c2f00,0x0000000083100000)
 Metaspace       used 32942K, capacity 33968K, committed 34176K, reserved 1079296K
  class space    used 3878K, capacity 4202K, committed 4224K, reserved 1048576K
GC Heap History (10 events):
Event: 2.949 GC heap before
{Heap before GC invocations=9 (full 1):
 PSYoungGen      total 131584K, used 3696K [0x00000000d5580000, 0x00000000ddd80000, 0x0000000100000000)
  eden space 123904K, 0% used [0x00000000d5580000,0x00000000d5580000,0x00000000dce80000)
  from space 7680K, 48% used [0x00000000dd600000,0x00000000dd99c010,0x00000000ddd80000)
  to   space 7680K, 0% used [0x00000000dce80000,0x00000000dce80000,0x00000000dd600000)
 ParOldGen       total 84992K, used 6393K [0x0000000080000000, 0x0000000085300000, 0x00000000d5580000)
  object space 84992K, 7% used [0x0000000080000000,0x000000008063e6d0,0x0000000085300000)
 Metaspace       used 20825K, capacity 21034K, committed 21296K, reserved 1069056K
  class space    used 2294K, capacity 2393K, committed 2432K, reserved 1048576K
Event: 2.999 GC heap after
Heap after GC invocations=9 (full 1):
 PSYoungGen      total 131584K, used 0K [0x00000000d5580000, 0x00000000ddd80000, 0x0000000100000000)
  eden space 123904K, 0% used [0x00000000d5580000,0x00000000d5580000,0x00000000dce80000)
  from space 7680K, 0% used [0x00000000dd600000,0x00000000dd600000,0x00000000ddd80000)
  to   space 7680K, 0% used [0x00000000dce80000,0x00000000dce80000,0x00000000dd600000)
 ParOldGen       total 50176K, used 8128K [0x0000000080000000, 0x0000000083100000, 0x00000000d5580000)
  object space 50176K, 16% used [0x0000000080000000,0x00000000807f0150,0x0000000083100000)
 Metaspace       used 20825K, capacity 21034K, committed 21296K, reserved 1069056K
  class space    used 2294K, capacity 2393K, committed 2432K, reserved 1048576K
}
Event: 3.646 GC heap before
{Heap before GC invocations=10 (full 1):
 PSYoungGen      total 131584K, used 123904K [0x00000000d5580000, 0x00000000ddd80000, 0x0000000100000000)
  eden space 123904K, 100% used [0x00000000d5580000,0x00000000dce80000,0x00000000dce80000)
  from space 7680K, 0% used [0x00000000dd600000,0x00000000dd600000,0x00000000ddd80000)
  to   space 7680K, 0% used [0x00000000dce80000,0x00000000dce80000,0x00000000dd600000)
 ParOldGen       total 50176K, used 8128K [0x0000000080000000, 0x0000000083100000, 0x00000000d5580000)
  object space 50176K, 16% used [0x0000000080000000,0x00000000807f0150,0x0000000083100000)
 Metaspace       used 22753K, capacity 23120K, committed 23424K, reserved 1071104K
  class space    used 2497K, capacity 2613K, committed 2688K, reserved 1048576K
Event: 3.654 GC heap after
Heap after GC invocations=10 (full 1):
 PSYoungGen      total 131584K, used 5030K [0x00000000d5580000, 0x00000000e1280000, 0x0000000100000000)
  eden space 123904K, 0% used [0x00000000d5580000,0x00000000d5580000,0x00000000dce80000)
  from space 7680K, 65% used [0x00000000dce80000,0x00000000dd369910,0x00000000dd600000)
  to   space 7680K, 0% used [0x00000000e0b00000,0x00000000e0b00000,0x00000000e1280000)
 ParOldGen       total 50176K, used 8136K [0x0000000080000000, 0x0000000083100000, 0x00000000d5580000)
  object space 50176K, 16% used [0x0000000080000000,0x00000000807f2150,0x0000000083100000)
 Metaspace       used 22753K, capacity 23120K, committed 23424K, reserved 1071104K
  class space    used 2497K, capacity 2613K, committed 2688K, reserved 1048576K
}
Event: 8.257 GC heap before
{Heap before GC invocations=11 (full 1):
 PSYoungGen      total 131584K, used 128934K [0x00000000d5580000, 0x00000000e1280000, 0x0000000100000000)
  eden space 123904K, 100% used [0x00000000d5580000,0x00000000dce80000,0x00000000dce80000)
  from space 7680K, 65% used [0x00000000dce80000,0x00000000dd369910,0x00000000dd600000)
  to   space 7680K, 0% used [0x00000000e0b00000,0x00000000e0b00000,0x00000000e1280000)
 ParOldGen       total 50176K, used 8136K [0x0000000080000000, 0x0000000083100000, 0x00000000d5580000)
  object space 50176K, 16% used [0x0000000080000000,0x00000000807f2150,0x0000000083100000)
 Metaspace       used 30505K, capacity 31380K, committed 31616K, reserved 1077248K
  class space    used 3615K, capacity 3852K, committed 3968K, reserved 1048576K
Event: 8.277 GC heap after
Heap after GC invocations=11 (full 1):
 PSYoungGen      total 181760K, used 7665K [0x00000000d5580000, 0x00000000e1380000, 0x0000000100000000)
  eden space 174080K, 0% used [0x00000000d5580000,0x00000000d5580000,0x00000000dff80000)
  from space 7680K, 99% used [0x00000000e0b00000,0x00000000e127c788,0x00000000e1280000)
  to   space 10240K, 0% used [0x00000000dff80000,0x00000000dff80000,0x00000000e0980000)
 ParOldGen       total 50176K, used 13531K [0x0000000080000000, 0x0000000083100000, 0x00000000d5580000)
  object space 50176K, 26% used [0x0000000080000000,0x0000000080d36dc0,0x0000000083100000)
 Metaspace       used 30505K, capacity 31380K, committed 31616K, reserved 1077248K
  class space    used 3615K, capacity 3852K, committed 3968K, reserved 1048576K
}
Event: 16.740 GC heap before
{Heap before GC invocations=12 (full 1):
 PSYoungGen      total 181760K, used 181745K [0x00000000d5580000, 0x00000000e1380000, 0x0000000100000000)
  eden space 174080K, 100% used [0x00000000d5580000,0x00000000dff80000,0x00000000dff80000)
  from space 7680K, 99% used [0x00000000e0b00000,0x00000000e127c788,0x00000000e1280000)
  to   space 10240K, 0% used [0x00000000dff80000,0x00000000dff80000,0x00000000e0980000)
 ParOldGen       total 50176K, used 13531K [0x0000000080000000, 0x0000000083100000, 0x00000000d5580000)
  object space 50176K, 26% used [0x0000000080000000,0x0000000080d36dc0,0x0000000083100000)
 Metaspace       used 31572K, capacity 32594K, committed 32768K, reserved 1077248K
  class space    used 3741K, capacity 4037K, committed 4096K, reserved 1048576K
Event: 16.753 GC heap after
Heap after GC invocations=12 (full 1):
 PSYoungGen      total 184320K, used 2881K [0x00000000d5580000, 0x00000000e5180000, 0x0000000100000000)
  eden space 174080K, 0% used [0x00000000d5580000,0x00000000d5580000,0x00000000dff80000)
  from space 10240K, 28% used [0x00000000dff80000,0x00000000e0250598,0x00000000e0980000)
  to   space 10240K, 0% used [0x00000000e4780000,0x00000000e4780000,0x00000000e5180000)
 ParOldGen       total 50176K, used 21095K [0x0000000080000000, 0x0000000083100000, 0x00000000d5580000)
  object space 50176K, 42% used [0x0000000080000000,0x0000000081499c40,0x0000000083100000)
 Metaspace       used 31572K, capacity 32594K, committed 32768K, reserved 1077248K
  class space    used 3741K, capacity 4037K, committed 4096K, reserved 1048576K
}
Event: 90.729 GC heap before
{Heap before GC invocations=13 (full 1):
 PSYoungGen      total 184320K, used 176961K [0x00000000d5580000, 0x00000000e5180000, 0x0000000100000000)
  eden space 174080K, 100% used [0x00000000d5580000,0x00000000dff80000,0x00000000dff80000)
  from space 10240K, 28% used [0x00000000dff80000,0x00000000e0250598,0x00000000e0980000)
  to   space 10240K, 0% used [0x00000000e4780000,0x00000000e4780000,0x00000000e5180000)
 ParOldGen       total 50176K, used 21095K [0x0000000080000000, 0x0000000083100000, 0x00000000d5580000)
  object space 50176K, 42% used [0x0000000080000000,0x0000000081499c40,0x0000000083100000)
 Metaspace       used 32832K, capacity 33918K, committed 34176K, reserved 1079296K
  class space    used 3870K, capacity 4187K, committed 4224K, reserved 1048576K
Event: 90.734 GC heap after
Heap after GC invocations=13 (full 1):
 PSYoungGen      total 233472K, used 2070K [0x00000000d5580000, 0x00000000e4b00000, 0x0000000100000000)
  eden space 229888K, 0% used [0x00000000d5580000,0x00000000d5580000,0x00000000e3600000)
  from space 3584K, 57% used [0x00000000e4780000,0x00000000e49859e0,0x00000000e4b00000)
  to   space 10752K, 0% used [0x00000000e3600000,0x00000000e3600000,0x00000000e4080000)
 ParOldGen       total 50176K, used 23307K [0x0000000080000000, 0x0000000083100000, 0x00000000d5580000)
  object space 50176K, 46% used [0x0000000080000000,0x00000000816c2f00,0x0000000083100000)
 Metaspace       used 32832K, capacity 33918K, committed 34176K, reserved 1079296K
  class space    used 3870K, capacity 4187K, committed 4224K, reserved 1048576K
}

