# JRE version: OpenJDK Runtime Environment (Zulu 8.68.0.21-CA-win64) (8.0_362-b09) (build 1.8.0_362-b09)
# Java VM: OpenJDK 64-Bit Server VM (25.362-b09 mixed mode windows-amd64 compressed oops)
Heap:
 PSYoungGen      total 228352K, used 165322K [0x00000000d5580000, 0x00000000e5980000, 0x0000000100000000)
  eden space 222720K, 71% used [0x00000000d5580000,0x00000000df1ecce8,0x00000000e2f00000)
  from space 5632K, 91% used [0x00000000e5400000,0x00000000e5905e78,0x00000000e5980000)
  to   space 9216K, 0% used [0x00000000e4780000,0x00000000e4780000,0x00000000e5080000)
 ParOldGen       total 50176K, used 8182K [0x0000000080000000, 0x0000000083100000, 0x00000000d5580000)
  object space 50176K, 16% used [0x0000000080000000,0x00000000807fd8c0,0x0000000083100000)
 Metaspace       used 30677K, capacity 31510K, committed 31616K, reserved 1077248K
  class space    used 3638K, capacity 3875K, committed 3968K, reserved 1048576K
GC Heap History (10 events):
Event: 2.894 GC heap before
{Heap before GC invocations=5 (full 0):
 PSYoungGen      total 68608K, used 67745K [0x00000000d5580000, 0x00000000d9d80000, 0x0000000100000000)
  eden space 63488K, 100% used [0x00000000d5580000,0x00000000d9380000,0x00000000d9380000)
  from space 5120K, 83% used [0x00000000d9880000,0x00000000d9ca8708,0x00000000d9d80000)
  to   space 5120K, 0% used [0x00000000d9380000,0x00000000d9380000,0x00000000d9880000)
 ParOldGen       total 84992K, used 32K [0x0000000080000000, 0x0000000085300000, 0x00000000d5580000)
  object space 84992K, 0% used [0x0000000080000000,0x0000000080008000,0x0000000085300000)
 Metaspace       used 17130K, capacity 17388K, committed 17664K, reserved 1064960K
  class space    used 1802K, capacity 1923K, committed 2048K, reserved 1048576K
Event: 2.905 GC heap after
Heap after GC invocations=5 (full 0):
 PSYoungGen      total 68608K, used 5106K [0x00000000d5580000, 0x00000000de180000, 0x0000000100000000)
  eden space 63488K, 0% used [0x00000000d5580000,0x00000000d5580000,0x00000000d9380000)
  from space 5120K, 99% used [0x00000000d9380000,0x00000000d987c950,0x00000000d9880000)
  to   space 8192K, 0% used [0x00000000dd980000,0x00000000dd980000,0x00000000de180000)
 ParOldGen       total 84992K, used 3645K [0x0000000080000000, 0x0000000085300000, 0x00000000d5580000)
  object space 84992K, 4% used [0x0000000080000000,0x000000008038f628,0x0000000085300000)
 Metaspace       used 17130K, capacity 17388K, committed 17664K, reserved 1064960K
  class space    used 1802K, capacity 1923K, committed 2048K, reserved 1048576K
}
Event: 3.474 GC heap before
{Heap before GC invocations=6 (full 0):
 PSYoungGen      total 68608K, used 68594K [0x00000000d5580000, 0x00000000de180000, 0x0000000100000000)
  eden space 63488K, 100% used [0x00000000d5580000,0x00000000d9380000,0x00000000d9380000)
  from space 5120K, 99% used [0x00000000d9380000,0x00000000d987c950,0x00000000d9880000)
  to   space 8192K, 0% used [0x00000000dd980000,0x00000000dd980000,0x00000000de180000)
 ParOldGen       total 84992K, used 3645K [0x0000000080000000, 0x0000000085300000, 0x00000000d5580000)
  object space 84992K, 4% used [0x0000000080000000,0x000000008038f628,0x0000000085300000)
 Metaspace       used 20738K, capacity 20958K, committed 21296K, reserved 1069056K
  class space    used 2292K, capacity 2389K, committed 2432K, reserved 1048576K
Event: 3.484 GC heap after
Heap after GC invocations=6 (full 0):
 PSYoungGen      total 133632K, used 8189K [0x00000000d5580000, 0x00000000de480000, 0x0000000100000000)
  eden space 125440K, 0% used [0x00000000d5580000,0x00000000d5580000,0x00000000dd000000)
  from space 8192K, 99% used [0x00000000dd980000,0x00000000de17f700,0x00000000de180000)
  to   space 9728K, 0% used [0x00000000dd000000,0x00000000dd000000,0x00000000dd980000)
 ParOldGen       total 84992K, used 4175K [0x0000000080000000, 0x0000000085300000, 0x00000000d5580000)
  object space 84992K, 4% used [0x0000000080000000,0x0000000080413c10,0x0000000085300000)
 Metaspace       used 20738K, capacity 20958K, committed 21296K, reserved 1069056K
  class space    used 2292K, capacity 2389K, committed 2432K, reserved 1048576K
}
Event: 3.533 GC heap before
{Heap before GC invocations=7 (full 0):
 PSYoungGen      total 133632K, used 18189K [0x00000000d5580000, 0x00000000de480000, 0x0000000100000000)
  eden space 125440K, 7% used [0x00000000d5580000,0x00000000d5f44060,0x00000000dd000000)
  from space 8192K, 99% used [0x00000000dd980000,0x00000000de17f700,0x00000000de180000)
  to   space 9728K, 0% used [0x00000000dd000000,0x00000000dd000000,0x00000000dd980000)
 ParOldGen       total 84992K, used 4175K [0x0000000080000000, 0x0000000085300000, 0x00000000d5580000)
  object space 84992K, 4% used [0x0000000080000000,0x0000000080413c10,0x0000000085300000)
 Metaspace       used 20826K, capacity 21034K, committed 21296K, reserved 1069056K
  class space    used 2294K, capacity 2393K, committed 2432K, reserved 1048576K
Event: 3.541 GC heap after
Heap after GC invocations=7 (full 0):
 PSYoungGen      total 135168K, used 3568K [0x00000000d5580000, 0x00000000e5d80000, 0x0000000100000000)
  eden space 125440K, 0% used [0x00000000d5580000,0x00000000d5580000,0x00000000dd000000)
  from space 9728K, 36% used [0x00000000dd000000,0x00000000dd37c010,0x00000000dd980000)
  to   space 9728K, 0% used [0x00000000e5400000,0x00000000e5400000,0x00000000e5d80000)
 ParOldGen       total 84992K, used 7399K [0x0000000080000000, 0x0000000085300000, 0x00000000d5580000)
  object space 84992K, 8% used [0x0000000080000000,0x0000000080739d20,0x0000000085300000)
 Metaspace       used 20826K, capacity 21034K, committed 21296K, reserved 1069056K
  class space    used 2294K, capacity 2393K, committed 2432K, reserved 1048576K
}
Event: 3.541 GC heap before
{Heap before GC invocations=8 (full 1):
 PSYoungGen      total 135168K, used 3568K [0x00000000d5580000, 0x00000000e5d80000, 0x0000000100000000)
  eden space 125440K, 0% used [0x00000000d5580000,0x00000000d5580000,0x00000000dd000000)
  from space 9728K, 36% used [0x00000000dd000000,0x00000000dd37c010,0x00000000dd980000)
  to   space 9728K, 0% used [0x00000000e5400000,0x00000000e5400000,0x00000000e5d80000)
 ParOldGen       total 84992K, used 7399K [0x0000000080000000, 0x0000000085300000, 0x00000000d5580000)
  object space 84992K, 8% used [0x0000000080000000,0x0000000080739d20,0x0000000085300000)
 Metaspace       used 20826K, capacity 21034K, committed 21296K, reserved 1069056K
  class space    used 2294K, capacity 2393K, committed 2432K, reserved 1048576K
Event: 3.588 GC heap after
Heap after GC invocations=8 (full 1):
 PSYoungGen      total 135168K, used 0K [0x00000000d5580000, 0x00000000e5d80000, 0x0000000100000000)
  eden space 125440K, 0% used [0x00000000d5580000,0x00000000d5580000,0x00000000dd000000)
  from space 9728K, 0% used [0x00000000dd000000,0x00000000dd000000,0x00000000dd980000)
  to   space 9728K, 0% used [0x00000000e5400000,0x00000000e5400000,0x00000000e5d80000)
 ParOldGen       total 50176K, used 8174K [0x0000000080000000, 0x0000000083100000, 0x00000000d5580000)
  object space 50176K, 16% used [0x0000000080000000,0x00000000807fb8c0,0x0000000083100000)
 Metaspace       used 20826K, capacity 21034K, committed 21296K, reserved 1069056K
  class space    used 2294K, capacity 2393K, committed 2432K, reserved 1048576K
}
Event: 4.234 GC heap before
{Heap before GC invocations=9 (full 1):
 PSYoungGen      total 135168K, used 125440K [0x00000000d5580000, 0x00000000e5d80000, 0x0000000100000000)
  eden space 125440K, 100% used [0x00000000d5580000,0x00000000dd000000,0x00000000dd000000)
  from space 9728K, 0% used [0x00000000dd000000,0x00000000dd000000,0x00000000dd980000)
  to   space 9728K, 0% used [0x00000000e5400000,0x00000000e5400000,0x00000000e5d80000)
 ParOldGen       total 50176K, used 8174K [0x0000000080000000, 0x0000000083100000, 0x00000000d5580000)
  object space 50176K, 16% used [0x0000000080000000,0x00000000807fb8c0,0x0000000083100000)
 Metaspace       used 22861K, capacity 23216K, committed 23424K, reserved 1071104K
  class space    used 2514K, capacity 2645K, committed 2688K, reserved 1048576K
Event: 4.247 GC heap after
Heap after GC invocations=9 (full 1):
 PSYoungGen      total 228352K, used 5143K [0x00000000d5580000, 0x00000000e5980000, 0x0000000100000000)
  eden space 222720K, 0% used [0x00000000d5580000,0x00000000d5580000,0x00000000e2f00000)
  from space 5632K, 91% used [0x00000000e5400000,0x00000000e5905e78,0x00000000e5980000)
  to   space 9216K, 0% used [0x00000000e4780000,0x00000000e4780000,0x00000000e5080000)
 ParOldGen       total 50176K, used 8182K [0x0000000080000000, 0x0000000083100000, 0x00000000d5580000)
  object space 50176K, 16% used [0x0000000080000000,0x00000000807fd8c0,0x0000000083100000)
 Metaspace       used 22861K, capacity 23216K, committed 23424K, reserved 1071104K
  class space    used 2514K, capacity 2645K, committed 2688K, reserved 1048576K
}

