# JRE version: OpenJDK Runtime Environment (Zulu 8.68.0.21-CA-win64) (8.0_362-b09) (build 1.8.0_362-b09)
# Java VM: OpenJDK 64-Bit Server VM (25.362-b09 mixed mode windows-amd64 compressed oops)
Heap:
 PSYoungGen      total 131584K, used 112006K [0x00000000d5580000, 0x00000000e1c00000, 0x0000000100000000)
  eden space 123904K, 86% used [0x00000000d5580000,0x00000000dbe082b0,0x00000000dce80000)
  from space 7680K, 64% used [0x00000000dce80000,0x00000000dd359910,0x00000000dd600000)
  to   space 7680K, 0% used [0x00000000e1480000,0x00000000e1480000,0x00000000e1c00000)
 ParOldGen       total 46592K, used 8123K [0x0000000080000000, 0x0000000082d80000, 0x00000000d5580000)
  object space 46592K, 17% used [0x0000000080000000,0x00000000807eeec8,0x0000000082d80000)
 Metaspace       used 29915K, capacity 30726K, committed 30976K, reserved 1077248K
  class space    used 3545K, capacity 3784K, committed 3840K, reserved 1048576K
GC Heap History (10 events):
Event: 7.147 GC heap before
{Heap before GC invocations=6 (full 0):
 PSYoungGen      total 36864K, used 36833K [0x00000000d5580000, 0x00000000d9f80000, 0x0000000100000000)
  eden space 31744K, 100% used [0x00000000d5580000,0x00000000d7480000,0x00000000d7480000)
  from space 5120K, 99% used [0x00000000d7480000,0x00000000d79784c0,0x00000000d7980000)
  to   space 6144K, 0% used [0x00000000d9980000,0x00000000d9980000,0x00000000d9f80000)
 ParOldGen       total 84992K, used 744K [0x0000000080000000, 0x0000000085300000, 0x00000000d5580000)
  object space 84992K, 0% used [0x0000000080000000,0x00000000800ba298,0x0000000085300000)
 Metaspace       used 17123K, capacity 17388K, committed 17664K, reserved 1064960K
  class space    used 1799K, capacity 1923K, committed 2048K, reserved 1048576K
Event: 7.156 GC heap after
Heap after GC invocations=6 (full 0):
 PSYoungGen      total 68096K, used 6134K [0x00000000d5580000, 0x00000000da280000, 0x0000000100000000)
  eden space 61952K, 0% used [0x00000000d5580000,0x00000000d5580000,0x00000000d9200000)
  from space 6144K, 99% used [0x00000000d9980000,0x00000000d9f7d950,0x00000000d9f80000)
  to   space 7680K, 0% used [0x00000000d9200000,0x00000000d9200000,0x00000000d9980000)
 ParOldGen       total 84992K, used 2316K [0x0000000080000000, 0x0000000085300000, 0x00000000d5580000)
  object space 84992K, 2% used [0x0000000080000000,0x00000000802430a8,0x0000000085300000)
 Metaspace       used 17123K, capacity 17388K, committed 17664K, reserved 1064960K
  class space    used 1799K, capacity 1923K, committed 2048K, reserved 1048576K
}
Event: 8.562 GC heap before
{Heap before GC invocations=7 (full 0):
 PSYoungGen      total 68096K, used 68086K [0x00000000d5580000, 0x00000000da280000, 0x0000000100000000)
  eden space 61952K, 100% used [0x00000000d5580000,0x00000000d9200000,0x00000000d9200000)
  from space 6144K, 99% used [0x00000000d9980000,0x00000000d9f7d950,0x00000000d9f80000)
  to   space 7680K, 0% used [0x00000000d9200000,0x00000000d9200000,0x00000000d9980000)
 ParOldGen       total 84992K, used 2316K [0x0000000080000000, 0x0000000085300000, 0x00000000d5580000)
  object space 84992K, 2% used [0x0000000080000000,0x00000000802430a8,0x0000000085300000)
 Metaspace       used 20715K, capacity 20958K, committed 21296K, reserved 1069056K
  class space    used 2287K, capacity 2389K, committed 2432K, reserved 1048576K
Event: 8.574 GC heap after
Heap after GC invocations=7 (full 0):
 PSYoungGen      total 69632K, used 6272K [0x00000000d5580000, 0x00000000ddd80000, 0x0000000100000000)
  eden space 61952K, 0% used [0x00000000d5580000,0x00000000d5580000,0x00000000d9200000)
  from space 7680K, 81% used [0x00000000d9200000,0x00000000d9820288,0x00000000d9980000)
  to   space 7680K, 0% used [0x00000000dd600000,0x00000000dd600000,0x00000000ddd80000)
 ParOldGen       total 84992K, used 5717K [0x0000000080000000, 0x0000000085300000, 0x00000000d5580000)
  object space 84992K, 6% used [0x0000000080000000,0x00000000805957f8,0x0000000085300000)
 Metaspace       used 20715K, capacity 20958K, committed 21296K, reserved 1069056K
  class space    used 2287K, capacity 2389K, committed 2432K, reserved 1048576K
}
Event: 8.647 GC heap before
{Heap before GC invocations=8 (full 0):
 PSYoungGen      total 69632K, used 14895K [0x00000000d5580000, 0x00000000ddd80000, 0x0000000100000000)
  eden space 61952K, 13% used [0x00000000d5580000,0x00000000d5debd38,0x00000000d9200000)
  from space 7680K, 81% used [0x00000000d9200000,0x00000000d9820288,0x00000000d9980000)
  to   space 7680K, 0% used [0x00000000dd600000,0x00000000dd600000,0x00000000ddd80000)
 ParOldGen       total 84992K, used 5717K [0x0000000080000000, 0x0000000085300000, 0x00000000d5580000)
  object space 84992K, 6% used [0x0000000080000000,0x00000000805957f8,0x0000000085300000)
 Metaspace       used 20759K, capacity 21034K, committed 21296K, reserved 1069056K
  class space    used 2291K, capacity 2393K, committed 2432K, reserved 1048576K
Event: 8.663 GC heap after
Heap after GC invocations=8 (full 0):
 PSYoungGen      total 131584K, used 4032K [0x00000000d5580000, 0x00000000ddd80000, 0x0000000100000000)
  eden space 123904K, 0% used [0x00000000d5580000,0x00000000d5580000,0x00000000dce80000)
  from space 7680K, 52% used [0x00000000dd600000,0x00000000dd9f0000,0x00000000ddd80000)
  to   space 7680K, 0% used [0x00000000dce80000,0x00000000dce80000,0x00000000dd600000)
 ParOldGen       total 84992K, used 6066K [0x0000000080000000, 0x0000000085300000, 0x00000000d5580000)
  object space 84992K, 7% used [0x0000000080000000,0x00000000805ec840,0x0000000085300000)
 Metaspace       used 20759K, capacity 21034K, committed 21296K, reserved 1069056K
  class space    used 2291K, capacity 2393K, committed 2432K, reserved 1048576K
}
Event: 8.663 GC heap before
{Heap before GC invocations=9 (full 1):
 PSYoungGen      total 131584K, used 4032K [0x00000000d5580000, 0x00000000ddd80000, 0x0000000100000000)
  eden space 123904K, 0% used [0x00000000d5580000,0x00000000d5580000,0x00000000dce80000)
  from space 7680K, 52% used [0x00000000dd600000,0x00000000dd9f0000,0x00000000ddd80000)
  to   space 7680K, 0% used [0x00000000dce80000,0x00000000dce80000,0x00000000dd600000)
 ParOldGen       total 84992K, used 6066K [0x0000000080000000, 0x0000000085300000, 0x00000000d5580000)
  object space 84992K, 7% used [0x0000000080000000,0x00000000805ec840,0x0000000085300000)
 Metaspace       used 20759K, capacity 21034K, committed 21296K, reserved 1069056K
  class space    used 2291K, capacity 2393K, committed 2432K, reserved 1048576K
Event: 8.726 GC heap after
Heap after GC invocations=9 (full 1):
 PSYoungGen      total 131584K, used 0K [0x00000000d5580000, 0x00000000ddd80000, 0x0000000100000000)
  eden space 123904K, 0% used [0x00000000d5580000,0x00000000d5580000,0x00000000dce80000)
  from space 7680K, 0% used [0x00000000dd600000,0x00000000dd600000,0x00000000ddd80000)
  to   space 7680K, 0% used [0x00000000dce80000,0x00000000dce80000,0x00000000dd600000)
 ParOldGen       total 46592K, used 8115K [0x0000000080000000, 0x0000000082d80000, 0x00000000d5580000)
  object space 46592K, 17% used [0x0000000080000000,0x00000000807ecec8,0x0000000082d80000)
 Metaspace       used 20759K, capacity 21034K, committed 21296K, reserved 1069056K
  class space    used 2291K, capacity 2393K, committed 2432K, reserved 1048576K
}
Event: 9.404 GC heap before
{Heap before GC invocations=10 (full 1):
 PSYoungGen      total 131584K, used 123904K [0x00000000d5580000, 0x00000000ddd80000, 0x0000000100000000)
  eden space 123904K, 100% used [0x00000000d5580000,0x00000000dce80000,0x00000000dce80000)
  from space 7680K, 0% used [0x00000000dd600000,0x00000000dd600000,0x00000000ddd80000)
  to   space 7680K, 0% used [0x00000000dce80000,0x00000000dce80000,0x00000000dd600000)
 ParOldGen       total 46592K, used 8115K [0x0000000080000000, 0x0000000082d80000, 0x00000000d5580000)
  object space 46592K, 17% used [0x0000000080000000,0x00000000807ecec8,0x0000000082d80000)
 Metaspace       used 22586K, capacity 22928K, committed 23168K, reserved 1069056K
  class space    used 2475K, capacity 2613K, committed 2688K, reserved 1048576K
Event: 9.411 GC heap after
Heap after GC invocations=10 (full 1):
 PSYoungGen      total 131584K, used 4966K [0x00000000d5580000, 0x00000000e1c00000, 0x0000000100000000)
  eden space 123904K, 0% used [0x00000000d5580000,0x00000000d5580000,0x00000000dce80000)
  from space 7680K, 64% used [0x00000000dce80000,0x00000000dd359910,0x00000000dd600000)
  to   space 7680K, 0% used [0x00000000e1480000,0x00000000e1480000,0x00000000e1c00000)
 ParOldGen       total 46592K, used 8123K [0x0000000080000000, 0x0000000082d80000, 0x00000000d5580000)
  object space 46592K, 17% used [0x0000000080000000,0x00000000807eeec8,0x0000000082d80000)
 Metaspace       used 22586K, capacity 22928K, committed 23168K, reserved 1069056K
  class space    used 2475K, capacity 2613K, committed 2688K, reserved 1048576K
}

