# JRE version: OpenJDK Runtime Environment (Zulu 8.68.0.21-CA-win64) (8.0_362-b09) (build 1.8.0_362-b09)
# Java VM: OpenJDK 64-Bit Server VM (25.362-b09 mixed mode windows-amd64 compressed oops)
Heap:
 PSYoungGen      total 179712K, used 65014K [0x00000000d5580000, 0x00000000e1180000, 0x0000000100000000)
  eden space 172032K, 33% used [0x00000000d5580000,0x00000000d8d831c8,0x00000000dfd80000)
  from space 7680K, 99% used [0x00000000e0900000,0x00000000e107a700,0x00000000e1080000)
  to   space 10240K, 0% used [0x00000000dfd80000,0x00000000dfd80000,0x00000000e0780000)
 ParOldGen       total 50688K, used 12475K [0x0000000080000000, 0x0000000083180000, 0x00000000d5580000)
  object space 50688K, 24% used [0x0000000080000000,0x0000000080c2ee20,0x0000000083180000)
 Metaspace       used 30576K, capacity 31516K, committed 31872K, reserved 1077248K
  class space    used 3613K, capacity 3867K, committed 3968K, reserved 1048576K
GC Heap History (10 events):
Event: 3.263 GC heap before
{Heap before GC invocations=7 (full 0):
 PSYoungGen      total 68096K, used 68066K [0x00000000d5580000, 0x00000000da280000, 0x0000000100000000)
  eden space 61952K, 100% used [0x00000000d5580000,0x00000000d9200000,0x00000000d9200000)
  from space 6144K, 99% used [0x00000000d9980000,0x00000000d9f78940,0x00000000d9f80000)
  to   space 7680K, 0% used [0x00000000d9200000,0x00000000d9200000,0x00000000d9980000)
 ParOldGen       total 84992K, used 2311K [0x0000000080000000, 0x0000000085300000, 0x00000000d5580000)
  object space 84992K, 2% used [0x0000000080000000,0x0000000080241fc0,0x0000000085300000)
 Metaspace       used 20715K, capacity 20958K, committed 21296K, reserved 1069056K
  class space    used 2290K, capacity 2389K, committed 2432K, reserved 1048576K
Event: 3.273 GC heap after
Heap after GC invocations=7 (full 0):
 PSYoungGen      total 69632K, used 6241K [0x00000000d5580000, 0x00000000ddd80000, 0x0000000100000000)
  eden space 61952K, 0% used [0x00000000d5580000,0x00000000d5580000,0x00000000d9200000)
  from space 7680K, 81% used [0x00000000d9200000,0x00000000d9818750,0x00000000d9980000)
  to   space 7680K, 0% used [0x00000000dd600000,0x00000000dd600000,0x00000000ddd80000)
 ParOldGen       total 84992K, used 5649K [0x0000000080000000, 0x0000000085300000, 0x00000000d5580000)
  object space 84992K, 6% used [0x0000000080000000,0x0000000080584720,0x0000000085300000)
 Metaspace       used 20715K, capacity 20958K, committed 21296K, reserved 1069056K
  class space    used 2290K, capacity 2389K, committed 2432K, reserved 1048576K
}
Event: 3.322 GC heap before
{Heap before GC invocations=8 (full 0):
 PSYoungGen      total 69632K, used 13646K [0x00000000d5580000, 0x00000000ddd80000, 0x0000000100000000)
  eden space 61952K, 11% used [0x00000000d5580000,0x00000000d5cbb148,0x00000000d9200000)
  from space 7680K, 81% used [0x00000000d9200000,0x00000000d9818750,0x00000000d9980000)
  to   space 7680K, 0% used [0x00000000dd600000,0x00000000dd600000,0x00000000ddd80000)
 ParOldGen       total 84992K, used 5649K [0x0000000080000000, 0x0000000085300000, 0x00000000d5580000)
  object space 84992K, 6% used [0x0000000080000000,0x0000000080584720,0x0000000085300000)
 Metaspace       used 20812K, capacity 21034K, committed 21296K, reserved 1069056K
  class space    used 2294K, capacity 2393K, committed 2432K, reserved 1048576K
Event: 3.330 GC heap after
Heap after GC invocations=8 (full 0):
 PSYoungGen      total 131584K, used 4144K [0x00000000d5580000, 0x00000000ddd80000, 0x0000000100000000)
  eden space 123904K, 0% used [0x00000000d5580000,0x00000000d5580000,0x00000000dce80000)
  from space 7680K, 53% used [0x00000000dd600000,0x00000000dda0c020,0x00000000ddd80000)
  to   space 7680K, 0% used [0x00000000dce80000,0x00000000dce80000,0x00000000dd600000)
 ParOldGen       total 84992K, used 5945K [0x0000000080000000, 0x0000000085300000, 0x00000000d5580000)
  object space 84992K, 6% used [0x0000000080000000,0x00000000805ce720,0x0000000085300000)
 Metaspace       used 20812K, capacity 21034K, committed 21296K, reserved 1069056K
  class space    used 2294K, capacity 2393K, committed 2432K, reserved 1048576K
}
Event: 3.330 GC heap before
{Heap before GC invocations=9 (full 1):
 PSYoungGen      total 131584K, used 4144K [0x00000000d5580000, 0x00000000ddd80000, 0x0000000100000000)
  eden space 123904K, 0% used [0x00000000d5580000,0x00000000d5580000,0x00000000dce80000)
  from space 7680K, 53% used [0x00000000dd600000,0x00000000dda0c020,0x00000000ddd80000)
  to   space 7680K, 0% used [0x00000000dce80000,0x00000000dce80000,0x00000000dd600000)
 ParOldGen       total 84992K, used 5945K [0x0000000080000000, 0x0000000085300000, 0x00000000d5580000)
  object space 84992K, 6% used [0x0000000080000000,0x00000000805ce720,0x0000000085300000)
 Metaspace       used 20812K, capacity 21034K, committed 21296K, reserved 1069056K
  class space    used 2294K, capacity 2393K, committed 2432K, reserved 1048576K
Event: 3.379 GC heap after
Heap after GC invocations=9 (full 1):
 PSYoungGen      total 131584K, used 0K [0x00000000d5580000, 0x00000000ddd80000, 0x0000000100000000)
  eden space 123904K, 0% used [0x00000000d5580000,0x00000000d5580000,0x00000000dce80000)
  from space 7680K, 0% used [0x00000000dd600000,0x00000000dd600000,0x00000000ddd80000)
  to   space 7680K, 0% used [0x00000000dce80000,0x00000000dce80000,0x00000000dd600000)
 ParOldGen       total 50688K, used 8140K [0x0000000080000000, 0x0000000083180000, 0x00000000d5580000)
  object space 50688K, 16% used [0x0000000080000000,0x00000000807f33b8,0x0000000083180000)
 Metaspace       used 20812K, capacity 21034K, committed 21296K, reserved 1069056K
  class space    used 2294K, capacity 2393K, committed 2432K, reserved 1048576K
}
Event: 3.887 GC heap before
{Heap before GC invocations=10 (full 1):
 PSYoungGen      total 131584K, used 123904K [0x00000000d5580000, 0x00000000ddd80000, 0x0000000100000000)
  eden space 123904K, 100% used [0x00000000d5580000,0x00000000dce80000,0x00000000dce80000)
  from space 7680K, 0% used [0x00000000dd600000,0x00000000dd600000,0x00000000ddd80000)
  to   space 7680K, 0% used [0x00000000dce80000,0x00000000dce80000,0x00000000dd600000)
 ParOldGen       total 50688K, used 8140K [0x0000000080000000, 0x0000000083180000, 0x00000000d5580000)
  object space 50688K, 16% used [0x0000000080000000,0x00000000807f33b8,0x0000000083180000)
 Metaspace       used 22548K, capacity 22890K, committed 23168K, reserved 1069056K
  class space    used 2459K, capacity 2601K, committed 2688K, reserved 1048576K
Event: 3.891 GC heap after
Heap after GC invocations=10 (full 1):
 PSYoungGen      total 131584K, used 4296K [0x00000000d5580000, 0x00000000e1080000, 0x0000000100000000)
  eden space 123904K, 0% used [0x00000000d5580000,0x00000000d5580000,0x00000000dce80000)
  from space 7680K, 55% used [0x00000000dce80000,0x00000000dd2b2278,0x00000000dd600000)
  to   space 7680K, 0% used [0x00000000e0900000,0x00000000e0900000,0x00000000e1080000)
 ParOldGen       total 50688K, used 8148K [0x0000000080000000, 0x0000000083180000, 0x00000000d5580000)
  object space 50688K, 16% used [0x0000000080000000,0x00000000807f53b8,0x0000000083180000)
 Metaspace       used 22548K, capacity 22890K, committed 23168K, reserved 1069056K
  class space    used 2459K, capacity 2601K, committed 2688K, reserved 1048576K
}
Event: 6.660 GC heap before
{Heap before GC invocations=11 (full 1):
 PSYoungGen      total 131584K, used 128200K [0x00000000d5580000, 0x00000000e1080000, 0x0000000100000000)
  eden space 123904K, 100% used [0x00000000d5580000,0x00000000dce80000,0x00000000dce80000)
  from space 7680K, 55% used [0x00000000dce80000,0x00000000dd2b2278,0x00000000dd600000)
  to   space 7680K, 0% used [0x00000000e0900000,0x00000000e0900000,0x00000000e1080000)
 ParOldGen       total 50688K, used 8148K [0x0000000080000000, 0x0000000083180000, 0x00000000d5580000)
  object space 50688K, 16% used [0x0000000080000000,0x00000000807f53b8,0x0000000083180000)
 Metaspace       used 28596K, capacity 29298K, committed 29440K, reserved 1075200K
  class space    used 3326K, capacity 3532K, committed 3584K, reserved 1048576K
Event: 6.672 GC heap after
Heap after GC invocations=11 (full 1):
 PSYoungGen      total 179712K, used 7657K [0x00000000d5580000, 0x00000000e1180000, 0x0000000100000000)
  eden space 172032K, 0% used [0x00000000d5580000,0x00000000d5580000,0x00000000dfd80000)
  from space 7680K, 99% used [0x00000000e0900000,0x00000000e107a700,0x00000000e1080000)
  to   space 10240K, 0% used [0x00000000dfd80000,0x00000000dfd80000,0x00000000e0780000)
 ParOldGen       total 50688K, used 12475K [0x0000000080000000, 0x0000000083180000, 0x00000000d5580000)
  object space 50688K, 24% used [0x0000000080000000,0x0000000080c2ee20,0x0000000083180000)
 Metaspace       used 28596K, capacity 29298K, committed 29440K, reserved 1075200K
  class space    used 3326K, capacity 3532K, committed 3584K, reserved 1048576K
}

