# JRE version: OpenJDK Runtime Environment (Zulu 8.68.0.21-CA-win64) (8.0_362-b09) (build 1.8.0_362-b09)
# Java VM: OpenJDK 64-Bit Server VM (25.362-b09 mixed mode windows-amd64 compressed oops)
Heap:
 PSYoungGen      total 199168K, used 131744K [0x00000000d5580000, 0x00000000e2600000, 0x0000000100000000)
  eden space 191488K, 64% used [0x00000000d5580000,0x00000000dceab038,0x00000000e1080000)
  from space 7680K, 99% used [0x00000000e1a80000,0x00000000e21fd060,0x00000000e2200000)
  to   space 10240K, 0% used [0x00000000e1080000,0x00000000e1080000,0x00000000e1a80000)
 ParOldGen       total 44032K, used 12479K [0x0000000080000000, 0x0000000082b00000, 0x00000000d5580000)
  object space 44032K, 28% used [0x0000000080000000,0x0000000080c2fe90,0x0000000082b00000)
 Metaspace       used 31382K, capacity 32250K, committed 32384K, reserved 1077248K
  class space    used 3716K, capacity 3963K, committed 3968K, reserved 1048576K
GC Heap History (10 events):
Event: 5.622 GC heap before
{Heap before GC invocations=7 (full 0):
 PSYoungGen      total 68096K, used 68082K [0x00000000d5580000, 0x00000000da280000, 0x0000000100000000)
  eden space 61952K, 100% used [0x00000000d5580000,0x00000000d9200000,0x00000000d9200000)
  from space 6144K, 99% used [0x00000000d9980000,0x00000000d9f7c930,0x00000000d9f80000)
  to   space 7680K, 0% used [0x00000000d9200000,0x00000000d9200000,0x00000000d9980000)
 ParOldGen       total 84992K, used 2320K [0x0000000080000000, 0x0000000085300000, 0x00000000d5580000)
  object space 84992K, 2% used [0x0000000080000000,0x0000000080244108,0x0000000085300000)
 Metaspace       used 20716K, capacity 20958K, committed 21296K, reserved 1069056K
  class space    used 2290K, capacity 2389K, committed 2432K, reserved 1048576K
Event: 5.630 GC heap after
Heap after GC invocations=7 (full 0):
 PSYoungGen      total 69632K, used 6244K [0x00000000d5580000, 0x00000000ddd80000, 0x0000000100000000)
  eden space 61952K, 0% used [0x00000000d5580000,0x00000000d5580000,0x00000000d9200000)
  from space 7680K, 81% used [0x00000000d9200000,0x00000000d98191a0,0x00000000d9980000)
  to   space 7680K, 0% used [0x00000000dd600000,0x00000000dd600000,0x00000000ddd80000)
 ParOldGen       total 84992K, used 5689K [0x0000000080000000, 0x0000000085300000, 0x00000000d5580000)
  object space 84992K, 6% used [0x0000000080000000,0x000000008058e7e8,0x0000000085300000)
 Metaspace       used 20716K, capacity 20958K, committed 21296K, reserved 1069056K
  class space    used 2290K, capacity 2389K, committed 2432K, reserved 1048576K
}
Event: 5.672 GC heap before
{Heap before GC invocations=8 (full 0):
 PSYoungGen      total 69632K, used 13642K [0x00000000d5580000, 0x00000000ddd80000, 0x0000000100000000)
  eden space 61952K, 11% used [0x00000000d5580000,0x00000000d5cb9800,0x00000000d9200000)
  from space 7680K, 81% used [0x00000000d9200000,0x00000000d98191a0,0x00000000d9980000)
  to   space 7680K, 0% used [0x00000000dd600000,0x00000000dd600000,0x00000000ddd80000)
 ParOldGen       total 84992K, used 5689K [0x0000000080000000, 0x0000000085300000, 0x00000000d5580000)
  object space 84992K, 6% used [0x0000000080000000,0x000000008058e7e8,0x0000000085300000)
 Metaspace       used 20817K, capacity 21034K, committed 21296K, reserved 1069056K
  class space    used 2294K, capacity 2393K, committed 2432K, reserved 1048576K
Event: 5.750 GC heap after
Heap after GC invocations=8 (full 0):
 PSYoungGen      total 131584K, used 4064K [0x00000000d5580000, 0x00000000ddd80000, 0x0000000100000000)
  eden space 123904K, 0% used [0x00000000d5580000,0x00000000d5580000,0x00000000dce80000)
  from space 7680K, 52% used [0x00000000dd600000,0x00000000dd9f8010,0x00000000ddd80000)
  to   space 7680K, 0% used [0x00000000dce80000,0x00000000dce80000,0x00000000dd600000)
 ParOldGen       total 84992K, used 6058K [0x0000000080000000, 0x0000000085300000, 0x00000000d5580000)
  object space 84992K, 7% used [0x0000000080000000,0x00000000805ea818,0x0000000085300000)
 Metaspace       used 20817K, capacity 21034K, committed 21296K, reserved 1069056K
  class space    used 2294K, capacity 2393K, committed 2432K, reserved 1048576K
}
Event: 5.750 GC heap before
{Heap before GC invocations=9 (full 1):
 PSYoungGen      total 131584K, used 4064K [0x00000000d5580000, 0x00000000ddd80000, 0x0000000100000000)
  eden space 123904K, 0% used [0x00000000d5580000,0x00000000d5580000,0x00000000dce80000)
  from space 7680K, 52% used [0x00000000dd600000,0x00000000dd9f8010,0x00000000ddd80000)
  to   space 7680K, 0% used [0x00000000dce80000,0x00000000dce80000,0x00000000dd600000)
 ParOldGen       total 84992K, used 6058K [0x0000000080000000, 0x0000000085300000, 0x00000000d5580000)
  object space 84992K, 7% used [0x0000000080000000,0x00000000805ea818,0x0000000085300000)
 Metaspace       used 20817K, capacity 21034K, committed 21296K, reserved 1069056K
  class space    used 2294K, capacity 2393K, committed 2432K, reserved 1048576K
Event: 5.799 GC heap after
Heap after GC invocations=9 (full 1):
 PSYoungGen      total 131584K, used 0K [0x00000000d5580000, 0x00000000ddd80000, 0x0000000100000000)
  eden space 123904K, 0% used [0x00000000d5580000,0x00000000d5580000,0x00000000dce80000)
  from space 7680K, 0% used [0x00000000dd600000,0x00000000dd600000,0x00000000ddd80000)
  to   space 7680K, 0% used [0x00000000dce80000,0x00000000dce80000,0x00000000dd600000)
 ParOldGen       total 44032K, used 8140K [0x0000000080000000, 0x0000000082b00000, 0x00000000d5580000)
  object space 44032K, 18% used [0x0000000080000000,0x00000000807f3118,0x0000000082b00000)
 Metaspace       used 20817K, capacity 21034K, committed 21296K, reserved 1069056K
  class space    used 2294K, capacity 2393K, committed 2432K, reserved 1048576K
}
Event: 6.477 GC heap before
{Heap before GC invocations=10 (full 1):
 PSYoungGen      total 131584K, used 123904K [0x00000000d5580000, 0x00000000ddd80000, 0x0000000100000000)
  eden space 123904K, 100% used [0x00000000d5580000,0x00000000dce80000,0x00000000dce80000)
  from space 7680K, 0% used [0x00000000dd600000,0x00000000dd600000,0x00000000ddd80000)
  to   space 7680K, 0% used [0x00000000dce80000,0x00000000dce80000,0x00000000dd600000)
 ParOldGen       total 44032K, used 8140K [0x0000000080000000, 0x0000000082b00000, 0x00000000d5580000)
  object space 44032K, 18% used [0x0000000080000000,0x00000000807f3118,0x0000000082b00000)
 Metaspace       used 22583K, capacity 22890K, committed 23168K, reserved 1069056K
  class space    used 2459K, capacity 2601K, committed 2688K, reserved 1048576K
Event: 6.481 GC heap after
Heap after GC invocations=10 (full 1):
 PSYoungGen      total 131584K, used 4296K [0x00000000d5580000, 0x00000000e2200000, 0x0000000100000000)
  eden space 123904K, 0% used [0x00000000d5580000,0x00000000d5580000,0x00000000dce80000)
  from space 7680K, 55% used [0x00000000dce80000,0x00000000dd2b2278,0x00000000dd600000)
  to   space 7680K, 0% used [0x00000000e1a80000,0x00000000e1a80000,0x00000000e2200000)
 ParOldGen       total 44032K, used 8148K [0x0000000080000000, 0x0000000082b00000, 0x00000000d5580000)
  object space 44032K, 18% used [0x0000000080000000,0x00000000807f5118,0x0000000082b00000)
 Metaspace       used 22583K, capacity 22890K, committed 23168K, reserved 1069056K
  class space    used 2459K, capacity 2601K, committed 2688K, reserved 1048576K
}
Event: 9.395 GC heap before
{Heap before GC invocations=11 (full 1):
 PSYoungGen      total 131584K, used 128200K [0x00000000d5580000, 0x00000000e2200000, 0x0000000100000000)
  eden space 123904K, 100% used [0x00000000d5580000,0x00000000dce80000,0x00000000dce80000)
  from space 7680K, 55% used [0x00000000dce80000,0x00000000dd2b2278,0x00000000dd600000)
  to   space 7680K, 0% used [0x00000000e1a80000,0x00000000e1a80000,0x00000000e2200000)
 ParOldGen       total 44032K, used 8148K [0x0000000080000000, 0x0000000082b00000, 0x00000000d5580000)
  object space 44032K, 18% used [0x0000000080000000,0x00000000807f5118,0x0000000082b00000)
 Metaspace       used 28627K, capacity 29362K, committed 29440K, reserved 1075200K
  class space    used 3325K, capacity 3532K, committed 3584K, reserved 1048576K
Event: 9.403 GC heap after
Heap after GC invocations=11 (full 1):
 PSYoungGen      total 199168K, used 7668K [0x00000000d5580000, 0x00000000e2600000, 0x0000000100000000)
  eden space 191488K, 0% used [0x00000000d5580000,0x00000000d5580000,0x00000000e1080000)
  from space 7680K, 99% used [0x00000000e1a80000,0x00000000e21fd060,0x00000000e2200000)
  to   space 10240K, 0% used [0x00000000e1080000,0x00000000e1080000,0x00000000e1a80000)
 ParOldGen       total 44032K, used 12479K [0x0000000080000000, 0x0000000082b00000, 0x00000000d5580000)
  object space 44032K, 28% used [0x0000000080000000,0x0000000080c2fe90,0x0000000082b00000)
 Metaspace       used 28627K, capacity 29362K, committed 29440K, reserved 1075200K
  class space    used 3325K, capacity 3532K, committed 3584K, reserved 1048576K
}

